%!Adobe-FontList 1.19
%Locale:0x419

%BeginFont
Handler:DirectoryHandler
FontType:TrueType
FontName:StephanieMarieJF
FamilyName:Stephanie Marie JF
StyleName:Regular
FullName:Stephanie Marie JF
MenuName:Stephanie Marie JF
StyleBits:0
WritingScript:Roman
OutlineFileName:C:\Users\Max\Desktop\Работа\Project 1\Font\Stephanie Marie JF\Stephanie Marie JF Regular.ttf
DataFormat:sfntData
hasSVG:no
VariableFontType:NonVariableFont
FileLength:65776
FileModTime:1414485460
WeightClass:500
WidthClass:5
AngleClass:0
NameArray:0,Mac,4,Stephanie Marie JF
NameArray:0,Win,1,Stephanie Marie JF
%EndFont

